#
# There is insufficient memory for the Java Runtime Environment to continue.
# Native memory allocation (mmap) failed to map 213909504 bytes. Error detail: G1 virtual space
# Possible reasons:
#   The system is out of physical RAM or swap space
#   This process is running with CompressedOops enabled, and the Java Heap may be blocking the growth of the native heap
# Possible solutions:
#   Reduce memory load on the system
#   Increase physical memory or swap space
#   Check if swap backing store is full
#   Decrease Java heap size (-Xmx/-Xms)
#   Decrease number of Java threads
#   Decrease Java thread stack sizes (-Xss)
#   Set larger code cache with -XX:ReservedCodeCacheSize=
#   JVM is running with Zero Based Compressed Oops mode in which the Java heap is
#     placed in the first 32GB address space. The Java Heap base address is the
#     maximum limit for the native heap growth. Please use -XX:HeapBaseMinAddress
#     to set the Java Heap base and to place the Java Heap above 32GB virtual address.
# This output file may be truncated or incomplete.
#
#  Out of Memory Error (os_windows.cpp:3690), pid=21092, tid=20816
#
# JRE version: OpenJDK Runtime Environment Microsoft-13877129 (17.0.19+10) (build 17.0.19+10-LTS)
# Java VM: OpenJDK 64-Bit Server VM Microsoft-13877129 (17.0.19+10-LTS, mixed mode, sharing, tiered, compressed oops, compressed class ptrs, g1 gc, windows-amd64)
# No core dump will be written. Minidumps are not enabled by default on client versions of Windows
#

---------------  S U M M A R Y ------------

Command Line: -XX:+HeapDumpOnOutOfMemoryError --add-opens=java.base/java.util=ALL-UNNAMED --add-opens=java.base/java.lang=ALL-UNNAMED --add-opens=java.base/java.lang.invoke=ALL-UNNAMED --add-opens=java.prefs/java.util.prefs=ALL-UNNAMED --add-exports=jdk.compiler/com.sun.tools.javac.api=ALL-UNNAMED --add-exports=jdk.compiler/com.sun.tools.javac.util=ALL-UNNAMED --add-opens=java.base/java.nio.charset=ALL-UNNAMED --add-opens=java.base/java.net=ALL-UNNAMED --add-opens=java.base/java.util.concurrent.atomic=ALL-UNNAMED -Xmx4g -Dfile.encoding=GBK -Duser.country=CN -Duser.language=zh -Duser.variant -javaagent:D:\android_m2_gradle\.gradle\wrapper\dists\gradle-8.10.2-bin\a04bxjujx95o3nb99gddekhwo\gradle-8.10.2\lib\agents\gradle-instrumentation-agent-8.10.2.jar org.gradle.launcher.daemon.bootstrap.GradleDaemon 8.10.2

Host: 12th Gen Intel(R) Core(TM) i5-12400F, 12 cores, 31G,  Windows 10 , 64 bit Build 19041 (10.0.19041.5198)
Time: Sun Jun 28 21:15:50 2026  Windows 10 , 64 bit Build 19041 (10.0.19041.5198) elapsed time: 8.691381 seconds (0d 0h 0m 8s)

---------------  T H R E A D  ---------------

Current thread (0x000001eda724df20):  VMThread "VM Thread" [stack: 0x00000025f0d00000,0x00000025f0e00000] [id=20816]

Stack: [0x00000025f0d00000,0x00000025f0e00000]
Native frames: (J=compiled Java code, j=interpreted, Vv=VM code, C=native code)
V  [jvm.dll+0x68cc89]  (no source info available)
V  [jvm.dll+0x845d89]  (no source info available)
V  [jvm.dll+0x847af8]  (no source info available)
V  [jvm.dll+0x848183]  (no source info available)
V  [jvm.dll+0x24d0bf]  (no source info available)
V  [jvm.dll+0x68c089]  (no source info available)
V  [jvm.dll+0x68064a]  (no source info available)
V  [jvm.dll+0x3102f0]  (no source info available)
V  [jvm.dll+0x310192]  (no source info available)
V  [jvm.dll+0x317709]  (no source info available)
V  [jvm.dll+0x369b09]  (no source info available)
V  [jvm.dll+0x369d3d]  (no source info available)
V  [jvm.dll+0x2e6afa]  (no source info available)
V  [jvm.dll+0x2e4ef1]  (no source info available)
V  [jvm.dll+0x2e468c]  (no source info available)
V  [jvm.dll+0x32903b]  (no source info available)
V  [jvm.dll+0x84ca0d]  (no source info available)
V  [jvm.dll+0x84d723]  (no source info available)
V  [jvm.dll+0x84dc54]  (no source info available)
V  [jvm.dll+0x84e038]  (no source info available)
V  [jvm.dll+0x84e12e]  (no source info available)
V  [jvm.dll+0x7f62cc]  (no source info available)
V  [jvm.dll+0x68e227]  (no source info available)
C  [ucrtbase.dll+0x21bb2]  (no source info available)
C  [KERNEL32.DLL+0x17374]  (no source info available)
C  [ntdll.dll+0x4cc91]  (no source info available)

VM_Operation (0x00000025f47fbe90): G1CollectForAllocation, mode: safepoint, requested by thread 0x000001edf0508820


---------------  P R O C E S S  ---------------

Threads class SMR info:
_java_thread_list=0x000001edf186b220, length=48, elements={
0x000001ed8411a110, 0x000001eda72513d0, 0x000001eda7251f60, 0x000001eda77941e0,
0x000001eda7794ab0, 0x000001eda7795380, 0x000001eda7795c50, 0x000001eda7796850,
0x000001eda77a1940, 0x000001eda77bd740, 0x000001eda7237430, 0x000001eda79f9dc0,
0x000001edeee24080, 0x000001edeee95660, 0x000001edeee91a30, 0x000001edeed6f620,
0x000001edef159760, 0x000001edee0a8da0, 0x000001edee0a7960, 0x000001edee0a7450,
0x000001edee0a8890, 0x000001edee0a7e70, 0x000001edee0a8380, 0x000001edef3e4af0,
0x000001edef3e1d60, 0x000001edef3e6950, 0x000001edef3e40d0, 0x000001edef3e2270,
0x000001edef3e2780, 0x000001edef3e36b0, 0x000001edef3e5510, 0x000001edef3e0920,
0x000001edef3e2c90, 0x000001edef3e31a0, 0x000001edef3df4e0, 0x000001edef3e6440,
0x000001edf0508d30, 0x000001edee091620, 0x000001edf050b0a0, 0x000001edf0509750,
0x000001edf0506ed0, 0x000001edf0562770, 0x000001edf05073e0, 0x000001edf05069c0,
0x000001edf0505580, 0x000001edf0508820, 0x000001edf0505a90, 0x000001edf0508310
}

Java Threads: ( => current thread )
  0x000001ed8411a110 JavaThread "main" [_thread_blocked, id=9116, stack(0x00000025f0700000,0x00000025f0800000)]
  0x000001eda72513d0 JavaThread "Reference Handler" daemon [_thread_blocked, id=13516, stack(0x00000025f0e00000,0x00000025f0f00000)]
  0x000001eda7251f60 JavaThread "Finalizer" daemon [_thread_blocked, id=8952, stack(0x00000025f0f00000,0x00000025f1000000)]
  0x000001eda77941e0 JavaThread "Signal Dispatcher" daemon [_thread_blocked, id=17620, stack(0x00000025f1000000,0x00000025f1100000)]
  0x000001eda7794ab0 JavaThread "Attach Listener" daemon [_thread_blocked, id=8728, stack(0x00000025f1100000,0x00000025f1200000)]
  0x000001eda7795380 JavaThread "Service Thread" daemon [_thread_blocked, id=1948, stack(0x00000025f1200000,0x00000025f1300000)]
  0x000001eda7795c50 JavaThread "Monitor Deflation Thread" daemon [_thread_blocked, id=19904, stack(0x00000025f1300000,0x00000025f1400000)]
  0x000001eda7796850 JavaThread "C2 CompilerThread0" daemon [_thread_blocked, id=19896, stack(0x00000025f1400000,0x00000025f1500000)]
  0x000001eda77a1940 JavaThread "C1 CompilerThread0" daemon [_thread_blocked, id=2564, stack(0x00000025f1500000,0x00000025f1600000)]
  0x000001eda77bd740 JavaThread "Sweeper thread" daemon [_thread_blocked, id=4172, stack(0x00000025f1600000,0x00000025f1700000)]
  0x000001eda7237430 JavaThread "Common-Cleaner" daemon [_thread_blocked, id=16272, stack(0x00000025f1700000,0x00000025f1800000)]
  0x000001eda79f9dc0 JavaThread "Notification Thread" daemon [_thread_blocked, id=20916, stack(0x00000025f1900000,0x00000025f1a00000)]
  0x000001edeee24080 JavaThread "Daemon health stats" [_thread_blocked, id=17120, stack(0x00000025f1b00000,0x00000025f1c00000)]
  0x000001edeee95660 JavaThread "Incoming local TCP Connector on port 11176" [_thread_in_native, id=7152, stack(0x00000025f2500000,0x00000025f2600000)]
  0x000001edeee91a30 JavaThread "Daemon periodic checks" [_thread_blocked, id=2976, stack(0x00000025f2600000,0x00000025f2700000)]
  0x000001edeed6f620 JavaThread "Daemon" [_thread_blocked, id=7432, stack(0x00000025f2700000,0x00000025f2800000)]
  0x000001edef159760 JavaThread "Handler for socket connection from /127.0.0.1:11176 to /127.0.0.1:11177" [_thread_in_native, id=7072, stack(0x00000025f2800000,0x00000025f2900000)]
  0x000001edee0a8da0 JavaThread "Cancel handler" [_thread_blocked, id=15672, stack(0x00000025f2900000,0x00000025f2a00000)]
  0x000001edee0a7960 JavaThread "Daemon worker" [_thread_blocked, id=10828, stack(0x00000025f2a00000,0x00000025f2b00000)]
  0x000001edee0a7450 JavaThread "Asynchronous log dispatcher for DefaultDaemonConnection: socket connection from /127.0.0.1:11176 to /127.0.0.1:11177" [_thread_blocked, id=12156, stack(0x00000025f2b00000,0x00000025f2c00000)]
  0x000001edee0a8890 JavaThread "Stdin handler" [_thread_blocked, id=9832, stack(0x00000025f2c00000,0x00000025f2d00000)]
  0x000001edee0a7e70 JavaThread "Daemon client event forwarder" [_thread_blocked, id=10096, stack(0x00000025f2d00000,0x00000025f2e00000)]
  0x000001edee0a8380 JavaThread "Cache worker for journal cache (D:\android_m2_gradle\.gradle\caches\journal-1)" [_thread_blocked, id=13916, stack(0x00000025f2e00000,0x00000025f2f00000)]
  0x000001edef3e4af0 JavaThread "File lock request listener" [_thread_in_native, id=14652, stack(0x00000025f2f00000,0x00000025f3000000)]
  0x000001edef3e1d60 JavaThread "Cache worker for file hash cache (D:\android_m2_gradle\.gradle\caches\8.10.2\fileHashes)" [_thread_blocked, id=4644, stack(0x00000025f1800000,0x00000025f1900000)]
  0x000001edef3e6950 JavaThread "Cache worker for file hash cache (D:\ai\droidcloud-ide\.gradle\8.10.2\fileHashes)" [_thread_blocked, id=7760, stack(0x00000025f3200000,0x00000025f3300000)]
  0x000001edef3e40d0 JavaThread "Cache worker for checksums cache (D:\ai\droidcloud-ide\.gradle\8.10.2\checksums)" [_thread_blocked, id=21028, stack(0x00000025f3300000,0x00000025f3400000)]
  0x000001edef3e2270 JavaThread "Cache worker for Build Output Cleanup Cache (D:\ai\droidcloud-ide\.gradle\buildOutputCleanup)" [_thread_blocked, id=13940, stack(0x00000025f3600000,0x00000025f3700000)]
  0x000001edef3e2780 JavaThread "File lock release action executor" [_thread_blocked, id=10532, stack(0x00000025f3700000,0x00000025f3800000)]
  0x000001edef3e36b0 JavaThread "Cache worker for file content cache (D:\android_m2_gradle\.gradle\caches\8.10.2\fileContent)" [_thread_blocked, id=13672, stack(0x00000025f3800000,0x00000025f3900000)]
  0x000001edef3e5510 JavaThread "File watcher server" daemon [_thread_blocked, id=11996, stack(0x00000025f3900000,0x00000025f3a00000)]
  0x000001edef3e0920 JavaThread "File watcher consumer" daemon [_thread_blocked, id=21176, stack(0x00000025f3a00000,0x00000025f3b00000)]
  0x000001edef3e2c90 JavaThread "Cache worker for cache directory md-rule (D:\android_m2_gradle\.gradle\caches\8.10.2\md-rule)" [_thread_blocked, id=19720, stack(0x00000025f3b00000,0x00000025f3c00000)]
  0x000001edef3e31a0 JavaThread "Cache worker for cache directory md-supplier (D:\android_m2_gradle\.gradle\caches\8.10.2\md-supplier)" [_thread_blocked, id=21244, stack(0x00000025f3c00000,0x00000025f3d00000)]
  0x000001edef3df4e0 JavaThread "jar transforms" [_thread_blocked, id=9440, stack(0x00000025f3d00000,0x00000025f3e00000)]
  0x000001edef3e6440 JavaThread "jar transforms Thread 2" [_thread_blocked, id=3896, stack(0x00000025f3e00000,0x00000025f3f00000)]
  0x000001edf0508d30 JavaThread "Configuration cache report writer" [_thread_blocked, id=8812, stack(0x00000025f3100000,0x00000025f3200000)]
  0x000001edee091620 JavaThread "C2 CompilerThread1" daemon [_thread_blocked, id=16780, stack(0x00000025f3000000,0x00000025f3100000)]
  0x000001edf050b0a0 JavaThread "Unconstrained build operations" [_thread_blocked, id=17908, stack(0x00000025f3f00000,0x00000025f4000000)]
  0x000001edf0509750 JavaThread "Unconstrained build operations Thread 2" [_thread_blocked, id=9444, stack(0x00000025f4000000,0x00000025f4100000)]
  0x000001edf0506ed0 JavaThread "Unconstrained build operations Thread 3" [_thread_blocked, id=19088, stack(0x00000025f4100000,0x00000025f4200000)]
  0x000001edf0562770 JavaThread "C2 CompilerThread2" daemon [_thread_blocked, id=8200, stack(0x00000025f4200000,0x00000025f4300000)]
  0x000001edf05073e0 JavaThread "Unconstrained build operations Thread 4" [_thread_blocked, id=3420, stack(0x00000025f4400000,0x00000025f4500000)]
  0x000001edf05069c0 JavaThread "Unconstrained build operations Thread 5" [_thread_blocked, id=20688, stack(0x00000025f4500000,0x00000025f4600000)]
  0x000001edf0505580 JavaThread "Unconstrained build operations Thread 6" [_thread_blocked, id=6880, stack(0x00000025f4600000,0x00000025f4700000)]
  0x000001edf0508820 JavaThread "Unconstrained build operations Thread 7" [_thread_blocked, id=16660, stack(0x00000025f4700000,0x00000025f4800000)]
  0x000001edf0505a90 JavaThread "Unconstrained build operations Thread 8" [_thread_blocked, id=14680, stack(0x00000025f4800000,0x00000025f4900000)]
  0x000001edf0508310 JavaThread "Unconstrained build operations Thread 9" [_thread_blocked, id=8688, stack(0x00000025f4900000,0x00000025f4a00000)]

Other Threads:
=>0x000001eda724df20 VMThread "VM Thread" [stack: 0x00000025f0d00000,0x00000025f0e00000] [id=20816]
  0x000001ed8411afe0 WatcherThread [stack: 0x00000025f1a00000,0x00000025f1b00000] [id=19848]
  0x000001ed841857f0 GCTaskThread "GC Thread#0" [stack: 0x00000025f0800000,0x00000025f0900000] [id=20588]
  0x000001eded91e020 GCTaskThread "GC Thread#1" [stack: 0x00000025f1c00000,0x00000025f1d00000] [id=20680]
  0x000001eded963f10 GCTaskThread "GC Thread#2" [stack: 0x00000025f1d00000,0x00000025f1e00000] [id=19148]
  0x000001eded2916b0 GCTaskThread "GC Thread#3" [stack: 0x00000025f1e00000,0x00000025f1f00000] [id=5112]
  0x000001eded9afaf0 GCTaskThread "GC Thread#4" [stack: 0x00000025f1f00000,0x00000025f2000000] [id=20976]
  0x000001eded9b0360 GCTaskThread "GC Thread#5" [stack: 0x00000025f2000000,0x00000025f2100000] [id=19232]
  0x000001eded9af820 GCTaskThread "GC Thread#6" [stack: 0x00000025f2100000,0x00000025f2200000] [id=20056]
  0x000001eded9afdc0 GCTaskThread "GC Thread#7" [stack: 0x00000025f2200000,0x00000025f2300000] [id=21228]
  0x000001eded9b0090 GCTaskThread "GC Thread#8" [stack: 0x00000025f2300000,0x00000025f2400000] [id=16032]
  0x000001eded9aea10 GCTaskThread "GC Thread#9" [stack: 0x00000025f2400000,0x00000025f2500000] [id=20540]
  0x000001ed81f9e680 ConcurrentGCThread "G1 Main Marker" [stack: 0x00000025f0900000,0x00000025f0a00000] [id=16592]
  0x000001ed84192f90 ConcurrentGCThread "G1 Conc#0" [stack: 0x00000025f0a00000,0x00000025f0b00000] [id=16096]
  0x000001edee3cf0d0 ConcurrentGCThread "G1 Conc#1" [stack: 0x00000025f3400000,0x00000025f3500000] [id=12296]
  0x000001edee3ce590 ConcurrentGCThread "G1 Conc#2" [stack: 0x00000025f3500000,0x00000025f3600000] [id=13952]
  0x000001ed841ce580 ConcurrentGCThread "G1 Refine#0" [stack: 0x00000025f0b00000,0x00000025f0c00000] [id=5304]
  0x000001edf28cda10 ConcurrentGCThread "G1 Refine#1" [stack: 0x00000025f4300000,0x00000025f4400000] [id=7872]
  0x000001eda71d9b90 ConcurrentGCThread "G1 Service" [stack: 0x00000025f0c00000,0x00000025f0d00000] [id=9052]

Threads with active compile tasks:
C2 CompilerThread0  8707 8457       4       sun.nio.fs.WindowsPath::getFileName (87 bytes)
C2 CompilerThread1  8707 8447       4       com.google.common.cache.LocalCache$Segment::setValue (82 bytes)
C2 CompilerThread2  8707 8430       4       org.gradle.internal.file.FileHierarchySet$Node::contains (101 bytes)

VM state: at safepoint (normal execution)

VM Mutex/Monitor currently owned by a thread:  ([mutex/lock_event])
[0x000001ed84115d60] Threads_lock - owner thread: 0x000001eda724df20
[0x000001ed84115340] Heap_lock - owner thread: 0x000001edf0508820

Heap address: 0x0000000700000000, size: 4096 MB, Compressed Oops mode: Zero based, Oop shift amount: 3

CDS archive(s) mapped at: [0x000001eda8000000-0x000001eda8bb0000-0x000001eda8bb0000), size 12255232, SharedBaseAddress: 0x000001eda8000000, ArchiveRelocationMode: 1.
Compressed class space mapped at: 0x000001eda9000000-0x000001ede9000000, reserved size: 1073741824
Narrow klass base: 0x000001eda8000000, Narrow klass shift: 0, Narrow klass range: 0x100000000

GC Precious Log:
 CPUs: 12 total, 12 available
 Memory: 32616M
 Large Page Support: Disabled
 NUMA Support: Disabled
 Compressed Oops: Enabled (Zero based)
 Heap Region Size: 2M
 Heap Min Capacity: 8M
 Heap Initial Capacity: 510M
 Heap Max Capacity: 4G
 Pre-touch: Disabled
 Parallel Workers: 10
 Concurrent Workers: 3
 Concurrent Refinement Workers: 10
 Periodic GC: Disabled

Heap:
 garbage-first heap   total 106496K, used 59445K [0x0000000700000000, 0x0000000800000000)
  region size 2048K, 2 young (4096K), 2 survivors (4096K)
 Metaspace       used 57211K, committed 57728K, reserved 1114112K
  class space    used 7899K, committed 8128K, reserved 1048576K

Heap Regions: E=young(eden), S=young(survivor), O=old, HS=humongous(starts), HC=humongous(continues), CS=collection set, F=free, OA=open archive, CA=closed archive, TAMS=top-at-mark-start (previous, next)
|   0|0x0000000700000000, 0x0000000700200000, 0x0000000700200000|100%| O|  |TAMS 0x0000000700200000, 0x0000000700200000| Untracked 
|   1|0x0000000700200000, 0x0000000700400000, 0x0000000700400000|100%|HS|  |TAMS 0x0000000700400000, 0x0000000700400000| Complete 
|   2|0x0000000700400000, 0x0000000700600000, 0x0000000700600000|100%|HC|  |TAMS 0x0000000700600000, 0x0000000700600000| Complete 
|   3|0x0000000700600000, 0x0000000700800000, 0x0000000700800000|100%| O|  |TAMS 0x0000000700800000, 0x0000000700800000| Untracked 
|   4|0x0000000700800000, 0x0000000700a00000, 0x0000000700a00000|100%| O|  |TAMS 0x0000000700a00000, 0x0000000700a00000| Untracked 
|   5|0x0000000700a00000, 0x0000000700a00000, 0x0000000700c00000|  0%| F|  |TAMS 0x0000000700a00000, 0x0000000700a00000| Untracked 
|   6|0x0000000700c00000, 0x0000000700e00000, 0x0000000700e00000|100%| O|  |TAMS 0x0000000700e00000, 0x0000000700e00000| Untracked 
|   7|0x0000000700e00000, 0x0000000701000000, 0x0000000701000000|100%| O|  |TAMS 0x0000000701000000, 0x0000000701000000| Untracked 
|   8|0x0000000701000000, 0x0000000701200000, 0x0000000701200000|100%| O|  |TAMS 0x0000000701200000, 0x0000000701200000| Untracked 
|   9|0x0000000701200000, 0x0000000701400000, 0x0000000701400000|100%| O|  |TAMS 0x0000000701400000, 0x0000000701400000| Untracked 
|  10|0x0000000701400000, 0x0000000701600000, 0x0000000701600000|100%| O|  |TAMS 0x0000000701600000, 0x0000000701600000| Untracked 
|  11|0x0000000701600000, 0x0000000701800000, 0x0000000701800000|100%| O|  |TAMS 0x0000000701800000, 0x0000000701800000| Untracked 
|  12|0x0000000701800000, 0x0000000701a00000, 0x0000000701a00000|100%| O|  |TAMS 0x0000000701a00000, 0x0000000701a00000| Untracked 
|  13|0x0000000701a00000, 0x0000000701c00000, 0x0000000701c00000|100%| O|  |TAMS 0x0000000701c00000, 0x0000000701c00000| Untracked 
|  14|0x0000000701c00000, 0x0000000701e00000, 0x0000000701e00000|100%| O|  |TAMS 0x0000000701e00000, 0x0000000701e00000| Untracked 
|  15|0x0000000701e00000, 0x0000000702000000, 0x0000000702000000|100%| O|  |TAMS 0x0000000702000000, 0x0000000702000000| Untracked 
|  16|0x0000000702000000, 0x0000000702200000, 0x0000000702200000|100%| O|  |TAMS 0x0000000702200000, 0x0000000702200000| Untracked 
|  17|0x0000000702200000, 0x0000000702400000, 0x0000000702400000|100%| O|  |TAMS 0x0000000702400000, 0x0000000702400000| Untracked 
|  18|0x0000000702400000, 0x0000000702600000, 0x0000000702600000|100%| O|  |TAMS 0x0000000702600000, 0x0000000702600000| Untracked 
|  19|0x0000000702600000, 0x0000000702800000, 0x0000000702800000|100%| O|  |TAMS 0x0000000702800000, 0x0000000702800000| Untracked 
|  20|0x0000000702800000, 0x0000000702a00000, 0x0000000702a00000|100%| O|  |TAMS 0x0000000702a00000, 0x0000000702a00000| Untracked 
|  21|0x0000000702a00000, 0x0000000702c00000, 0x0000000702c00000|100%| O|  |TAMS 0x0000000702c00000, 0x0000000702c00000| Untracked 
|  22|0x0000000702c00000, 0x0000000702e00000, 0x0000000702e00000|100%| O|  |TAMS 0x0000000702e00000, 0x0000000702e00000| Untracked 
|  23|0x0000000702e00000, 0x0000000703000000, 0x0000000703000000|100%| O|  |TAMS 0x0000000703000000, 0x0000000703000000| Untracked 
|  24|0x0000000703000000, 0x0000000703200000, 0x0000000703200000|100%| O|  |TAMS 0x0000000703200000, 0x0000000703200000| Untracked 
|  25|0x0000000703200000, 0x0000000703200000, 0x0000000703400000|  0%| F|  |TAMS 0x0000000703200000, 0x0000000703200000| Untracked 
|  26|0x0000000703400000, 0x0000000703600000, 0x0000000703600000|100%| O|  |TAMS 0x0000000703400000, 0x0000000703600000| Untracked 
|  27|0x0000000703600000, 0x0000000703800000, 0x0000000703800000|100%| O|  |TAMS 0x0000000703600000, 0x0000000703800000| Untracked 
|  28|0x0000000703800000, 0x0000000703a00000, 0x0000000703a00000|100%| O|  |TAMS 0x0000000703800000, 0x0000000703a00000| Untracked 
|  29|0x0000000703a00000, 0x0000000703a7fa00, 0x0000000703c00000| 24%| O|  |TAMS 0x0000000703a00000, 0x0000000703a7fa00| Untracked 
|  30|0x0000000703c00000, 0x0000000703c00000, 0x0000000703e00000|  0%| F|  |TAMS 0x0000000703c00000, 0x0000000703c00000| Untracked 
|  31|0x0000000703e00000, 0x0000000703e00000, 0x0000000704000000|  0%| F|  |TAMS 0x0000000703e00000, 0x0000000703e00000| Untracked 
|  32|0x0000000704000000, 0x0000000704000000, 0x0000000704200000|  0%| F|  |TAMS 0x0000000704000000, 0x0000000704000000| Untracked 
|  33|0x0000000704200000, 0x0000000704200000, 0x0000000704400000|  0%| F|  |TAMS 0x0000000704200000, 0x0000000704200000| Untracked 
|  34|0x0000000704400000, 0x0000000704400000, 0x0000000704600000|  0%| F|  |TAMS 0x0000000704400000, 0x0000000704400000| Untracked 
|  35|0x0000000704600000, 0x0000000704600000, 0x0000000704800000|  0%| F|  |TAMS 0x0000000704600000, 0x0000000704600000| Untracked 
|  36|0x0000000704800000, 0x0000000704800000, 0x0000000704a00000|  0%| F|  |TAMS 0x0000000704800000, 0x0000000704800000| Untracked 
|  37|0x0000000704a00000, 0x0000000704b8dda0, 0x0000000704c00000| 77%| S|CS|TAMS 0x0000000704a00000, 0x0000000704a00000| Complete 
|  38|0x0000000704c00000, 0x0000000704e00000, 0x0000000704e00000|100%| S|CS|TAMS 0x0000000704c00000, 0x0000000704c00000| Complete 
|  39|0x0000000704e00000, 0x0000000704e00000, 0x0000000705000000|  0%| F|  |TAMS 0x0000000704e00000, 0x0000000704e00000| Untracked 
|  40|0x0000000705000000, 0x0000000705000000, 0x0000000705200000|  0%| F|  |TAMS 0x0000000705000000, 0x0000000705000000| Untracked 
|  41|0x0000000705200000, 0x0000000705200000, 0x0000000705400000|  0%| F|  |TAMS 0x0000000705200000, 0x0000000705200000| Untracked 
|  42|0x0000000705400000, 0x0000000705400000, 0x0000000705600000|  0%| F|  |TAMS 0x0000000705400000, 0x0000000705400000| Untracked 
|  43|0x0000000705600000, 0x0000000705600000, 0x0000000705800000|  0%| F|  |TAMS 0x0000000705600000, 0x0000000705600000| Untracked 
| 189|0x0000000717a00000, 0x0000000717a00000, 0x0000000717c00000|  0%| F|  |TAMS 0x0000000717a00000, 0x0000000717a00000| Untracked 
| 190|0x0000000717c00000, 0x0000000717c00000, 0x0000000717e00000|  0%| F|  |TAMS 0x0000000717c00000, 0x0000000717c00000| Untracked 
| 191|0x0000000717e00000, 0x0000000717e00000, 0x0000000718000000|  0%| F|  |TAMS 0x0000000717e00000, 0x0000000717e00000| Untracked 
| 192|0x0000000718000000, 0x0000000718000000, 0x0000000718200000|  0%| F|  |TAMS 0x0000000718000000, 0x0000000718000000| Untracked 
| 193|0x0000000718200000, 0x0000000718200000, 0x0000000718400000|  0%| F|  |TAMS 0x0000000718200000, 0x0000000718200000| Untracked 
| 194|0x0000000718400000, 0x0000000718400000, 0x0000000718600000|  0%| F|  |TAMS 0x0000000718400000, 0x0000000718400000| Untracked 
| 195|0x0000000718600000, 0x0000000718600000, 0x0000000718800000|  0%| F|  |TAMS 0x0000000718600000, 0x0000000718600000| Untracked 
| 254|0x000000071fc00000, 0x000000071fc00000, 0x000000071fe00000|  0%| F|  |TAMS 0x000000071fc00000, 0x000000071fc00000| Untracked 

Card table byte_map: [0x000001ed9ba00000,0x000001ed9c200000] _byte_map_base: 0x000001ed98200000

Marking Bits (Prev, Next): (CMBitMap*) 0x000001ed81f99ff0, (CMBitMap*) 0x000001ed81f99fb0
 Prev Bits: [0x000001eda0a00000, 0x000001eda4a00000)
 Next Bits: [0x000001ed9ca00000, 0x000001eda0a00000)

Polling page: 0x000001ed82020000

Metaspace:

Usage:
  Non-class:     48.16 MB used.
      Class:      7.71 MB used.
       Both:     55.87 MB used.

Virtual space:
  Non-class space:       64.00 MB reserved,      48.44 MB ( 76%) committed,  1 nodes.
      Class space:        1.00 GB reserved,       7.94 MB ( <1%) committed,  1 nodes.
             Both:        1.06 GB reserved,      56.38 MB (  5%) committed. 

Chunk freelists:
   Non-Class:  15.25 MB
       Class:  8.07 MB
        Both:  23.32 MB

MaxMetaspaceSize: unlimited
CompressedClassSpaceSize: 1.00 GB
Initial GC threshold: 21.00 MB
Current GC threshold: 93.88 MB
CDS: on
MetaspaceReclaimPolicy: balanced
 - commit_granule_bytes: 65536.
 - commit_granule_words: 8192.
 - virtual_space_node_default_size: 8388608.
 - enlarge_chunks_in_place: 1.
 - new_chunks_are_fully_committed: 0.
 - uncommit_free_chunks: 1.
 - use_allocation_guard: 0.
 - handle_deallocations: 1.


Internal statistics:

num_allocs_failed_limit: 9.
num_arena_births: 710.
num_arena_deaths: 0.
num_vsnodes_births: 2.
num_vsnodes_deaths: 0.
num_space_committed: 902.
num_space_uncommitted: 0.
num_chunks_returned_to_freelist: 9.
num_chunks_taken_from_freelist: 2982.
num_chunk_merges: 3.
num_chunk_splits: 1992.
num_chunks_enlarged: 1370.
num_inconsistent_stats: 0.

CodeHeap 'non-profiled nmethods': size=120000Kb used=4324Kb max_used=4324Kb free=115675Kb
 bounds [0x000001ed93780000, 0x000001ed93bc0000, 0x000001ed9acb0000]
CodeHeap 'profiled nmethods': size=120000Kb used=14606Kb max_used=14606Kb free=105393Kb
 bounds [0x000001ed8bcb0000, 0x000001ed8cb00000, 0x000001ed931e0000]
CodeHeap 'non-nmethods': size=5760Kb used=2350Kb max_used=2418Kb free=3409Kb
 bounds [0x000001ed931e0000, 0x000001ed93450000, 0x000001ed93780000]
 total_blobs=8561 nmethods=7691 adapters=782
 compilation: enabled
              stopped_count=0, restarted_count=0
 full_count=0

Compilation events (20 events):
Event: 8.679 Thread 0x000001eda77a1940 8445       3       org.gradle.cache.internal.DefaultCrossBuildInMemoryCacheFactory$CrossBuildCacheRetainingDataFromPreviousBuild::get (18 bytes)
Event: 8.679 Thread 0x000001eda77a1940 nmethod 8445 0x000001ed8caed090 code [0x000001ed8caed280, 0x000001ed8caed768]
Event: 8.680 Thread 0x000001eda77a1940 8449       3       sun.nio.cs.StreamDecoder::forInputStreamReader (11 bytes)
Event: 8.680 Thread 0x000001eda77a1940 nmethod 8449 0x000001ed8caed990 code [0x000001ed8caedb40, 0x000001ed8caedce8]
Event: 8.680 Thread 0x000001eda77a1940 8450       3       java.nio.file.Files::newByteChannel (36 bytes)
Event: 8.680 Thread 0x000001eda77a1940 nmethod 8450 0x000001ed8caedd90 code [0x000001ed8caedfe0, 0x000001ed8caee978]
Event: 8.680 Thread 0x000001eda77a1940 8451       3       org.gradle.internal.execution.steps.ExecuteWorkBuildOperationFiringStep$$Lambda$1096/0x000001eda97dd5b0::<init> (20 bytes)
Event: 8.680 Thread 0x000001eda77a1940 nmethod 8451 0x000001ed8caeed10 code [0x000001ed8caeeec0, 0x000001ed8caef158]
Event: 8.681 Thread 0x000001eda77a1940 8452       3       java.nio.file.spi.FileSystemProvider::newInputStream (107 bytes)
Event: 8.682 Thread 0x000001eda77a1940 nmethod 8452 0x000001ed8caef210 code [0x000001ed8caef520, 0x000001ed8caf05f8]
Event: 8.682 Thread 0x000001eda77a1940 8453       3       org.gradle.internal.execution.steps.ExecuteWorkBuildOperationFiringStep::lambda$execute$1 (41 bytes)
Event: 8.682 Thread 0x000001eda77a1940 nmethod 8453 0x000001ed8caf0b90 code [0x000001ed8caf0e20, 0x000001ed8caf1e48]
Event: 8.682 Thread 0x000001eda77a1940 8456   !   3       java.nio.file.Files::readAllLines (76 bytes)
Event: 8.683 Thread 0x000001eda77a1940 nmethod 8456 0x000001ed8caf2310 code [0x000001ed8caf2580, 0x000001ed8caf2fd8]
Event: 8.683 Thread 0x000001eda77a1940 8454       3       sun.nio.ch.ChannelInputStream::close (10 bytes)
Event: 8.683 Thread 0x000001eda77a1940 nmethod 8454 0x000001ed8caf3510 code [0x000001ed8caf36c0, 0x000001ed8caf38a8]
Event: 8.683 Thread 0x000001eda77a1940 8455       3       org.gradle.internal.execution.steps.IdentityCacheStep$$Lambda$1104/0x000001eda97de740::apply (5 bytes)
Event: 8.683 Thread 0x000001eda77a1940 nmethod 8455 0x000001ed8caf3990 code [0x000001ed8caf3b40, 0x000001ed8caf3c98]
Event: 8.687 Thread 0x000001eda7796850 nmethod 8439 0x000001ed93bb7b90 code [0x000001ed93bb7d80, 0x000001ed93bb8c90]
Event: 8.687 Thread 0x000001eda7796850 8457       4       sun.nio.fs.WindowsPath::getFileName (87 bytes)

GC Heap History (20 events):
Event: 6.549 GC heap after
{Heap after GC invocations=13 (full 0):
 garbage-first heap   total 96256K, used 37072K [0x0000000700000000, 0x0000000800000000)
  region size 2048K, 2 young (4096K), 2 survivors (4096K)
 Metaspace       used 45068K, committed 45632K, reserved 1114112K
  class space    used 6246K, committed 6528K, reserved 1048576K
}
Event: 6.813 GC heap before
{Heap before GC invocations=13 (full 0):
 garbage-first heap   total 96256K, used 73936K [0x0000000700000000, 0x0000000800000000)
  region size 2048K, 20 young (40960K), 2 survivors (4096K)
 Metaspace       used 48305K, committed 48896K, reserved 1114112K
  class space    used 6660K, committed 6912K, reserved 1048576K
}
Event: 6.815 GC heap after
{Heap after GC invocations=14 (full 0):
 garbage-first heap   total 96256K, used 39885K [0x0000000700000000, 0x0000000800000000)
  region size 2048K, 3 young (6144K), 3 survivors (6144K)
 Metaspace       used 48305K, committed 48896K, reserved 1114112K
  class space    used 6660K, committed 6912K, reserved 1048576K
}
Event: 7.130 GC heap before
{Heap before GC invocations=14 (full 0):
 garbage-first heap   total 96256K, used 74701K [0x0000000700000000, 0x0000000800000000)
  region size 2048K, 20 young (40960K), 3 survivors (6144K)
 Metaspace       used 51876K, committed 52480K, reserved 1114112K
  class space    used 7199K, committed 7488K, reserved 1048576K
}
Event: 7.133 GC heap after
{Heap after GC invocations=15 (full 0):
 garbage-first heap   total 96256K, used 41988K [0x0000000700000000, 0x0000000800000000)
  region size 2048K, 3 young (6144K), 3 survivors (6144K)
 Metaspace       used 51876K, committed 52480K, reserved 1114112K
  class space    used 7199K, committed 7488K, reserved 1048576K
}
Event: 7.792 GC heap before
{Heap before GC invocations=15 (full 0):
 garbage-first heap   total 96256K, used 74756K [0x0000000700000000, 0x0000000800000000)
  region size 2048K, 19 young (38912K), 3 survivors (6144K)
 Metaspace       used 55146K, committed 55744K, reserved 1114112K
  class space    used 7684K, committed 7936K, reserved 1048576K
}
Event: 7.794 GC heap after
{Heap after GC invocations=16 (full 0):
 garbage-first heap   total 96256K, used 44190K [0x0000000700000000, 0x0000000800000000)
  region size 2048K, 3 young (6144K), 3 survivors (6144K)
 Metaspace       used 55146K, committed 55744K, reserved 1114112K
  class space    used 7684K, committed 7936K, reserved 1048576K
}
Event: 8.209 GC heap before
{Heap before GC invocations=16 (full 0):
 garbage-first heap   total 96256K, used 72862K [0x0000000700000000, 0x0000000800000000)
  region size 2048K, 18 young (36864K), 3 survivors (6144K)
 Metaspace       used 56364K, committed 56896K, reserved 1114112K
  class space    used 7820K, committed 8064K, reserved 1048576K
}
Event: 8.212 GC heap after
{Heap after GC invocations=17 (full 0):
 garbage-first heap   total 96256K, used 49959K [0x0000000700000000, 0x0000000800000000)
  region size 2048K, 3 young (6144K), 3 survivors (6144K)
 Metaspace       used 56364K, committed 56896K, reserved 1114112K
  class space    used 7820K, committed 8064K, reserved 1048576K
}
Event: 8.329 GC heap before
{Heap before GC invocations=17 (full 0):
 garbage-first heap   total 96256K, used 72487K [0x0000000700000000, 0x0000000800000000)
  region size 2048K, 15 young (30720K), 3 survivors (6144K)
 Metaspace       used 56753K, committed 57344K, reserved 1114112K
  class space    used 7873K, committed 8128K, reserved 1048576K
}
Event: 8.332 GC heap after
{Heap after GC invocations=18 (full 0):
 garbage-first heap   total 96256K, used 53903K [0x0000000700000000, 0x0000000800000000)
  region size 2048K, 2 young (4096K), 2 survivors (4096K)
 Metaspace       used 56753K, committed 57344K, reserved 1114112K
  class space    used 7873K, committed 8128K, reserved 1048576K
}
Event: 8.411 GC heap before
{Heap before GC invocations=19 (full 0):
 garbage-first heap   total 102400K, used 74383K [0x0000000700000000, 0x0000000800000000)
  region size 2048K, 12 young (24576K), 2 survivors (4096K)
 Metaspace       used 56846K, committed 57408K, reserved 1114112K
  class space    used 7873K, committed 8128K, reserved 1048576K
}
Event: 8.413 GC heap after
{Heap after GC invocations=20 (full 0):
 garbage-first heap   total 102400K, used 55249K [0x0000000700000000, 0x0000000800000000)
  region size 2048K, 2 young (4096K), 2 survivors (4096K)
 Metaspace       used 56846K, committed 57408K, reserved 1114112K
  class space    used 7873K, committed 8128K, reserved 1048576K
}
Event: 8.523 GC heap before
{Heap before GC invocations=20 (full 0):
 garbage-first heap   total 102400K, used 79825K [0x0000000700000000, 0x0000000800000000)
  region size 2048K, 14 young (28672K), 2 survivors (4096K)
 Metaspace       used 57105K, committed 57664K, reserved 1114112K
  class space    used 7898K, committed 8128K, reserved 1048576K
}
Event: 8.525 GC heap after
{Heap after GC invocations=21 (full 0):
 garbage-first heap   total 102400K, used 56693K [0x0000000700000000, 0x0000000800000000)
  region size 2048K, 2 young (4096K), 2 survivors (4096K)
 Metaspace       used 57105K, committed 57664K, reserved 1114112K
  class space    used 7898K, committed 8128K, reserved 1048576K
}
Event: 8.615 GC heap before
{Heap before GC invocations=22 (full 0):
 garbage-first heap   total 106496K, used 79221K [0x0000000700000000, 0x0000000800000000)
  region size 2048K, 13 young (26624K), 2 survivors (4096K)
 Metaspace       used 57176K, committed 57728K, reserved 1114112K
  class space    used 7898K, committed 8128K, reserved 1048576K
}
Event: 8.617 GC heap after
{Heap after GC invocations=23 (full 0):
 garbage-first heap   total 106496K, used 57746K [0x0000000700000000, 0x0000000800000000)
  region size 2048K, 2 young (4096K), 2 survivors (4096K)
 Metaspace       used 57176K, committed 57728K, reserved 1114112K
  class space    used 7898K, committed 8128K, reserved 1048576K
}
Event: 8.621 GC heap before
{Heap before GC invocations=23 (full 0):
 garbage-first heap   total 106496K, used 57746K [0x0000000700000000, 0x0000000800000000)
  region size 2048K, 3 young (6144K), 2 survivors (4096K)
 Metaspace       used 57176K, committed 57728K, reserved 1114112K
  class space    used 7898K, committed 8128K, reserved 1048576K
}
Event: 8.623 GC heap after
{Heap after GC invocations=24 (full 0):
 garbage-first heap   total 106496K, used 56865K [0x0000000700000000, 0x0000000800000000)
  region size 2048K, 1 young (2048K), 1 survivors (2048K)
 Metaspace       used 57176K, committed 57728K, reserved 1114112K
  class space    used 7898K, committed 8128K, reserved 1048576K
}
Event: 8.688 GC heap before
{Heap before GC invocations=24 (full 0):
 garbage-first heap   total 106496K, used 81441K [0x0000000700000000, 0x0000000800000000)
  region size 2048K, 13 young (26624K), 1 survivors (2048K)
 Metaspace       used 57211K, committed 57728K, reserved 1114112K
  class space    used 7899K, committed 8128K, reserved 1048576K
}

Dll operation events (15 events):
Event: 0.006 Loaded shared library C:\Program Files\Microsoft\jdk-17.0.19.10-hotspot\bin\java.dll
Event: 0.019 Loaded shared library C:\Program Files\Microsoft\jdk-17.0.19.10-hotspot\bin\jsvml.dll
Event: 0.080 Loaded shared library C:\Program Files\Microsoft\jdk-17.0.19.10-hotspot\bin\zip.dll
Event: 0.084 Loaded shared library C:\Program Files\Microsoft\jdk-17.0.19.10-hotspot\bin\instrument.dll
Event: 0.088 Loaded shared library C:\Program Files\Microsoft\jdk-17.0.19.10-hotspot\bin\net.dll
Event: 0.091 Loaded shared library C:\Program Files\Microsoft\jdk-17.0.19.10-hotspot\bin\nio.dll
Event: 0.094 Loaded shared library C:\Program Files\Microsoft\jdk-17.0.19.10-hotspot\bin\zip.dll
Event: 0.299 Loaded shared library C:\Program Files\Microsoft\jdk-17.0.19.10-hotspot\bin\jimage.dll
Event: 0.403 Loaded shared library C:\Program Files\Microsoft\jdk-17.0.19.10-hotspot\bin\verify.dll
Event: 1.041 Loaded shared library D:\android_m2_gradle\.gradle\native\c067742578af261105cb4f569cf0c3c89f3d7b1fecec35dd04571415982c5e48\windows-amd64\native-platform.dll
Event: 1.044 Loaded shared library D:\android_m2_gradle\.gradle\native\100fb08df4bc3b14c8652ba06237920a3bd2aa13389f12d3474272988ae205f9\windows-amd64\native-platform-file-events.dll
Event: 2.073 Loaded shared library C:\Program Files\Microsoft\jdk-17.0.19.10-hotspot\bin\management.dll
Event: 2.075 Loaded shared library C:\Program Files\Microsoft\jdk-17.0.19.10-hotspot\bin\management_ext.dll
Event: 2.267 Loaded shared library C:\Program Files\Microsoft\jdk-17.0.19.10-hotspot\bin\extnet.dll
Event: 2.468 Loaded shared library C:\Program Files\Microsoft\jdk-17.0.19.10-hotspot\bin\sunmscapi.dll

Deoptimization events (20 events):
Event: 8.422 Thread 0x000001edee0a7960 Uncommon trap: trap_request=0xffffffde fr.pc=0x000001ed93ad9660 relative=0x0000000000000560
Event: 8.422 Thread 0x000001edee0a7960 Uncommon trap: reason=class_check action=maybe_recompile pc=0x000001ed93ad9660 method=com.google.common.collect.AbstractIterator.tryToComputeNext()Z @ 9 c2
Event: 8.422 Thread 0x000001edee0a7960 DEOPT PACKING pc=0x000001ed93ad9660 sp=0x00000025f2af6ee0
Event: 8.422 Thread 0x000001edee0a7960 DEOPT UNPACKING pc=0x000001ed932369a3 sp=0x00000025f2af6e48 mode 2
Event: 8.422 Thread 0x000001edee0a7960 Uncommon trap: trap_request=0xffffffde fr.pc=0x000001ed93ad9660 relative=0x0000000000000560
Event: 8.422 Thread 0x000001edee0a7960 Uncommon trap: reason=class_check action=maybe_recompile pc=0x000001ed93ad9660 method=com.google.common.collect.AbstractIterator.tryToComputeNext()Z @ 9 c2
Event: 8.422 Thread 0x000001edee0a7960 DEOPT PACKING pc=0x000001ed93ad9660 sp=0x00000025f2af6e10
Event: 8.422 Thread 0x000001edee0a7960 DEOPT UNPACKING pc=0x000001ed932369a3 sp=0x00000025f2af6d78 mode 2
Event: 8.422 Thread 0x000001edee0a7960 Uncommon trap: trap_request=0xffffffde fr.pc=0x000001ed93ad9660 relative=0x0000000000000560
Event: 8.422 Thread 0x000001edee0a7960 Uncommon trap: reason=class_check action=maybe_recompile pc=0x000001ed93ad9660 method=com.google.common.collect.AbstractIterator.tryToComputeNext()Z @ 9 c2
Event: 8.422 Thread 0x000001edee0a7960 DEOPT PACKING pc=0x000001ed93ad9660 sp=0x00000025f2af6e10
Event: 8.422 Thread 0x000001edee0a7960 DEOPT UNPACKING pc=0x000001ed932369a3 sp=0x00000025f2af6d78 mode 2
Event: 8.625 Thread 0x000001edee0a7960 Uncommon trap: trap_request=0xffffff45 fr.pc=0x000001ed938c9d08 relative=0x0000000000001428
Event: 8.625 Thread 0x000001edee0a7960 Uncommon trap: reason=unstable_if action=reinterpret pc=0x000001ed938c9d08 method=java.util.concurrent.ConcurrentHashMap.transfer([Ljava/util/concurrent/ConcurrentHashMap$Node;[Ljava/util/concurrent/ConcurrentHashMap$Node;)V @ 34 c2
Event: 8.625 Thread 0x000001edee0a7960 DEOPT PACKING pc=0x000001ed938c9d08 sp=0x00000025f2af77c0
Event: 8.625 Thread 0x000001edee0a7960 DEOPT UNPACKING pc=0x000001ed932369a3 sp=0x00000025f2af7768 mode 2
Event: 8.625 Thread 0x000001edf0505a90 Uncommon trap: trap_request=0xffffff45 fr.pc=0x000001ed93b9c15c relative=0x000000000000129c
Event: 8.625 Thread 0x000001edf0505a90 Uncommon trap: reason=unstable_if action=reinterpret pc=0x000001ed93b9c15c method=java.util.concurrent.ConcurrentHashMap.putVal(Ljava/lang/Object;Ljava/lang/Object;Z)Ljava/lang/Object; @ 112 c2
Event: 8.625 Thread 0x000001edf0505a90 DEOPT PACKING pc=0x000001ed93b9c15c sp=0x00000025f48fe260
Event: 8.625 Thread 0x000001edf0505a90 DEOPT UNPACKING pc=0x000001ed932369a3 sp=0x00000025f48fe1f0 mode 2

Classes loaded (20 events):
Event: 7.700 Loading class java/io/ObjectInputStream$FieldValues
Event: 7.700 Loading class java/io/ObjectInputStream$GetField
Event: 7.700 Loading class java/io/ObjectInputStream$GetField done
Event: 7.700 Loading class java/io/ObjectInputStream$FieldValues done
Event: 7.705 Loading class sun/reflect/ReflectionFactory
Event: 7.705 Loading class sun/reflect/ReflectionFactory done
Event: 7.705 Loading class sun/reflect/ReflectionFactory$1
Event: 7.705 Loading class sun/reflect/ReflectionFactory$1 done
Event: 7.717 Loading class jdk/internal/reflect/UnsafeQualifiedIntegerFieldAccessorImpl
Event: 7.717 Loading class jdk/internal/reflect/UnsafeQualifiedIntegerFieldAccessorImpl done
Event: 7.904 Loading class java/util/Collections$2
Event: 7.904 Loading class java/util/Collections$2 done
Event: 8.028 Loading class java/util/Collections$ReverseComparator
Event: 8.028 Loading class java/util/Collections$ReverseComparator done
Event: 8.028 Loading class java/util/Collections$ReverseComparator2
Event: 8.028 Loading class java/util/Collections$ReverseComparator2 done
Event: 8.092 Loading class java/util/LinkedList$LLSpliterator
Event: 8.092 Loading class java/util/LinkedList$LLSpliterator done
Event: 8.321 Loading class jdk/internal/access/foreign/MemorySegmentProxy
Event: 8.321 Loading class jdk/internal/access/foreign/MemorySegmentProxy done

Classes unloaded (0 events):
No events

Classes redefined (0 events):
No events

Internal exceptions (20 events):
Event: 7.209 Thread 0x000001edee0a7960 Exception <a 'java/lang/NoSuchMethodError'{0x0000000718313648}: 'long java.lang.invoke.DirectMethodHandle$Holder.invokeStatic(java.lang.Object, long)'> (0x0000000718313648) 
thrown [s\src\hotspot\share\interpreter\linkResolver.cpp, line 759]
Event: 7.226 Thread 0x000001edee0a7960 Implicit null exception at 0x000001ed9388aba0 to 0x000001ed9388af2c
Event: 7.246 Thread 0x000001edee0a7960 Exception <a 'java/lang/NoSuchMethodError'{0x00000007181b1030}: 'java.lang.Object java.lang.invoke.DirectMethodHandle$Holder.invokeInterface(java.lang.Object, java.lang.Object, int)'> (0x00000007181b1030) 
thrown [s\src\hotspot\share\interpreter\linkResolver.cpp, line 759]
Event: 7.306 Thread 0x000001edee0a7960 Exception <a 'java/lang/NoSuchMethodError'{0x0000000717a21560}: 'void java.lang.invoke.DirectMethodHandle$Holder.invokeStatic(java.lang.Object, java.lang.Object, java.lang.Object, java.lang.Object, java.lang.Object, java.lang.Object)'> (0x0000000717a21560) 
thrown [s\src\hotspot\share\interpreter\linkResolver.cpp, line 759]
Event: 7.685 Thread 0x000001edee0a7960 Exception <a 'java/lang/NoSuchMethodError'{0x000000070464e468}: static Lorg/gradle/api/internal/catalog/DefaultVersionCatalog;.<clinit>()V> (0x000000070464e468) 
thrown [s\src\hotspot\share\prims\jni.cpp, line 1112]
Event: 7.689 Thread 0x000001edee0a7960 Exception <a 'java/lang/NoSuchMethodError'{0x00000007046a2ea0}: static [Ljava/lang/Object;.<clinit>()V> (0x00000007046a2ea0) 
thrown [s\src\hotspot\share\prims\jni.cpp, line 1112]
Event: 7.690 Thread 0x000001edee0a7960 Exception <a 'java/lang/NoSuchMethodError'{0x00000007046dcf00}: static Lorg/gradle/api/internal/catalog/DependencyModel;.<clinit>()V> (0x00000007046dcf00) 
thrown [s\src\hotspot\share\prims\jni.cpp, line 1112]
Event: 7.690 Thread 0x000001edee0a7960 Exception <a 'java/lang/NoSuchMethodError'{0x00000007046e1140}: static Lorg/gradle/api/internal/catalog/AbstractContextAwareModel;.<clinit>()V> (0x00000007046e1140) 
thrown [s\src\hotspot\share\prims\jni.cpp, line 1112]
Event: 7.691 Thread 0x000001edee0a7960 Exception <a 'java/lang/NoSuchMethodError'{0x00000007046fa3e0}: static Lorg/gradle/api/internal/artifacts/dependencies/AbstractVersionConstraint;.<clinit>()V> (0x00000007046fa3e0) 
thrown [s\src\hotspot\share\prims\jni.cpp, line 1112]
Event: 7.695 Thread 0x000001edee0a7960 Exception <a 'java/lang/NoSuchMethodError'{0x000000070475ddb0}: static Lorg/gradle/api/internal/catalog/PluginModel;.<clinit>()V> (0x000000070475ddb0) 
thrown [s\src\hotspot\share\prims\jni.cpp, line 1112]
Event: 7.696 Thread 0x000001edee0a7960 Exception <a 'java/lang/NoSuchMethodError'{0x00000007047764c0}: static Lorg/gradle/api/internal/catalog/VersionModel;.<clinit>()V> (0x00000007047764c0) 
thrown [s\src\hotspot\share\prims\jni.cpp, line 1112]
Event: 7.697 Thread 0x000001edee0a7960 Exception <a 'java/lang/NoSuchMethodError'{0x00000007047818d0}: 'void java.lang.invoke.DirectMethodHandle$Holder.invokeSpecial(java.lang.Object, java.lang.Object, java.lang.Object, int)'> (0x00000007047818d0) 
thrown [s\src\hotspot\share\interpreter\linkResolver.cpp, line 759]
Event: 7.774 Thread 0x000001edee0a7960 Exception <a 'java/lang/NoSuchMethodError'{0x00000007041d6af0}: 'int java.lang.invoke.DirectMethodHandle$Holder.invokeSpecialIFC(java.lang.Object, java.lang.Object, java.lang.Object)'> (0x00000007041d6af0) 
thrown [s\src\hotspot\share\interpreter\linkResolver.cpp, line 759]
Event: 7.816 Thread 0x000001edee0a7960 Exception <a 'java/lang/NoSuchMethodError'{0x000000071fdc2cb0}: 'java.lang.Object java.lang.invoke.DirectMethodHandle$Holder.invokeSpecial(java.lang.Object, java.lang.Object, java.lang.Object, java.lang.Object, java.lang.Object, long)'> (0x000000071fdc2cb0) 
thrown [s\src\hotspot\share\interpreter\linkResolver.cpp, line 759]
Event: 7.817 Thread 0x000001edee0a7960 Exception <a 'java/lang/NoSuchMethodError'{0x000000071fde54e8}: 'void java.lang.invoke.DirectMethodHandle$Holder.invokeStatic(java.lang.Object, java.lang.Object, java.lang.Object, int, java.lang.Object)'> (0x000000071fde54e8) 
thrown [s\src\hotspot\share\interpreter\linkResolver.cpp, line 759]
Event: 8.092 Thread 0x000001edee0a7960 Exception <a 'java/lang/IncompatibleClassChangeError'{0x0000000704be5500}: Found class java.lang.Object, but interface was expected> (0x0000000704be5500) 
thrown [s\src\hotspot\share\interpreter\linkResolver.cpp, line 826]
Event: 8.205 Thread 0x000001edee0a7960 Exception <a 'java/lang/NoSuchMethodError'{0x00000007041bc258}: 'java.lang.Object java.lang.invoke.DirectMethodHandle$Holder.newInvokeSpecial(java.lang.Object, java.lang.Object, java.lang.Object, java.lang.Object, int, java.lang.Object)'> (0x00000007041bc258) 
thrown [s\src\hotspot\share\interpreter\linkResolver.cpp, line 759]
Event: 8.205 Thread 0x000001edee0a7960 Exception <a 'java/lang/NoSuchMethodError'{0x00000007041c1780}: 'java.lang.Object java.lang.invoke.DirectMethodHandle$Holder.invokeSpecial(java.lang.Object, java.lang.Object, java.lang.Object, java.lang.Object, java.lang.Object, int, java.lang.Object)'> (0x00000007041c1780) 
thrown [s\src\hotspot\share\interpreter\linkResolver.cpp, line 759]
Event: 8.205 Thread 0x000001edee0a7960 Exception <a 'java/lang/NoSuchMethodError'{0x00000007041c65a8}: 'java.lang.Object java.lang.invoke.Invokers$Holder.linkToTargetMethod(java.lang.Object, java.lang.Object, java.lang.Object, int, java.lang.Object, java.lang.Object)'> (0x00000007041c65a8) 
thrown [s\src\hotspot\share\interpreter\linkResolver.cpp, line 759]
Event: 8.439 Thread 0x000001edee0a7960 Exception <a 'java/lang/NoSuchMethodError'{0x000000071878d2a0}: 'java.lang.Object java.lang.invoke.DirectMethodHandle$Holder.invokeSpecialIFC(java.lang.Object, java.lang.Object, java.lang.Object)'> (0x000000071878d2a0) 
thrown [s\src\hotspot\share\interpreter\linkResolver.cpp, line 759]

VM Operations (20 events):
Event: 8.362 Executing VM operation: G1PauseCleanup done
Event: 8.411 Executing VM operation: G1CollectForAllocation
Event: 8.413 Executing VM operation: G1CollectForAllocation done
Event: 8.420 Executing VM operation: HandshakeAllThreads
Event: 8.420 Executing VM operation: HandshakeAllThreads done
Event: 8.458 Executing VM operation: HandshakeAllThreads
Event: 8.458 Executing VM operation: HandshakeAllThreads done
Event: 8.489 Executing VM operation: ICBufferFull
Event: 8.490 Executing VM operation: ICBufferFull done
Event: 8.523 Executing VM operation: G1CollectForAllocation
Event: 8.525 Executing VM operation: G1CollectForAllocation done
Event: 8.546 Executing VM operation: G1PauseRemark
Event: 8.548 Executing VM operation: G1PauseRemark done
Event: 8.559 Executing VM operation: G1PauseCleanup
Event: 8.559 Executing VM operation: G1PauseCleanup done
Event: 8.615 Executing VM operation: G1CollectForAllocation
Event: 8.617 Executing VM operation: G1CollectForAllocation done
Event: 8.621 Executing VM operation: G1CollectForAllocation
Event: 8.623 Executing VM operation: G1CollectForAllocation done
Event: 8.688 Executing VM operation: G1CollectForAllocation

Memory protections (0 events):
No events

Nmethod flushes (20 events):
Event: 6.112 Thread 0x000001eda77bd740 flushing  nmethod 0x000001ed8c46df10
Event: 6.112 Thread 0x000001eda77bd740 flushing  nmethod 0x000001ed8c46e610
Event: 6.112 Thread 0x000001eda77bd740 flushing  nmethod 0x000001ed8c46ee10
Event: 6.112 Thread 0x000001eda77bd740 flushing  nmethod 0x000001ed8c473510
Event: 6.112 Thread 0x000001eda77bd740 flushing  nmethod 0x000001ed8c474290
Event: 6.112 Thread 0x000001eda77bd740 flushing  nmethod 0x000001ed8c474810
Event: 6.112 Thread 0x000001eda77bd740 flushing  nmethod 0x000001ed8c474e90
Event: 6.113 Thread 0x000001eda77bd740 flushing  nmethod 0x000001ed8c488c90
Event: 6.113 Thread 0x000001eda77bd740 flushing  nmethod 0x000001ed8c493a90
Event: 6.113 Thread 0x000001eda77bd740 flushing  nmethod 0x000001ed8c494810
Event: 6.113 Thread 0x000001eda77bd740 flushing  nmethod 0x000001ed8c499f90
Event: 6.113 Thread 0x000001eda77bd740 flushing  nmethod 0x000001ed8c49ab10
Event: 6.113 Thread 0x000001eda77bd740 flushing  nmethod 0x000001ed8c49b310
Event: 6.113 Thread 0x000001eda77bd740 flushing  nmethod 0x000001ed8c49bd90
Event: 6.113 Thread 0x000001eda77bd740 flushing  nmethod 0x000001ed8c49cb90
Event: 6.113 Thread 0x000001eda77bd740 flushing  nmethod 0x000001ed8c4aa090
Event: 6.113 Thread 0x000001eda77bd740 flushing  nmethod 0x000001ed8c4be590
Event: 8.460 Thread 0x000001eda77bd740 flushing  nmethod 0x000001ed8bd3fb10
Event: 8.461 Thread 0x000001eda77bd740 flushing  nmethod 0x000001ed8bf00410
Event: 8.462 Thread 0x000001eda77bd740 flushing  nmethod 0x000001ed8c11c390

Events (20 events):
Event: 5.484 Thread 0x000001edee0a7960 Thread added: 0x000001edef3e2c90
Event: 5.519 Thread 0x000001edee0a7960 Thread added: 0x000001edef3e31a0
Event: 5.595 Thread 0x000001edee0a7960 Thread added: 0x000001edef3df4e0
Event: 5.616 Thread 0x000001edee0a7960 Thread added: 0x000001edef3e6440
Event: 6.662 Thread 0x000001edefd2de60 Thread exited: 0x000001edefd2de60
Event: 6.890 Thread 0x000001edee0a7960 Thread added: 0x000001edf0508d30
Event: 6.958 Thread 0x000001eda77a1940 Thread added: 0x000001eded5e2c00
Event: 7.459 Thread 0x000001eded5e2c00 Thread exited: 0x000001eded5e2c00
Event: 7.459 Thread 0x000001edf10b14e0 Thread exited: 0x000001edf10b14e0
Event: 7.731 Thread 0x000001eda77a1940 Thread added: 0x000001edee091620
Event: 8.111 Thread 0x000001edee0a7960 Thread added: 0x000001edf050b0a0
Event: 8.112 Thread 0x000001edee0a7960 Thread added: 0x000001edf0509750
Event: 8.112 Thread 0x000001edee0a7960 Thread added: 0x000001edf0506ed0
Event: 8.164 Thread 0x000001eda77a1940 Thread added: 0x000001edf0562770
Event: 8.232 Thread 0x000001edee0a7960 Thread added: 0x000001edf05073e0
Event: 8.233 Thread 0x000001edee0a7960 Thread added: 0x000001edf05069c0
Event: 8.234 Thread 0x000001edee0a7960 Thread added: 0x000001edf0505580
Event: 8.439 Thread 0x000001edee0a7960 Thread added: 0x000001edf0508820
Event: 8.440 Thread 0x000001edee0a7960 Thread added: 0x000001edf0505a90
Event: 8.440 Thread 0x000001edee0a7960 Thread added: 0x000001edf0508310


Dynamic libraries:
0x00007ff6a7e80000 - 0x00007ff6a7e8e000 	C:\Program Files\Microsoft\jdk-17.0.19.10-hotspot\bin\java.exe
0x00007ffd45230000 - 0x00007ffd45428000 	C:\Windows\SYSTEM32\ntdll.dll
0x00007ffd444d0000 - 0x00007ffd44592000 	C:\Windows\System32\KERNEL32.DLL
0x00007ffd42a30000 - 0x00007ffd42d2e000 	C:\Windows\System32\KERNELBASE.dll
0x00007ffd43030000 - 0x00007ffd43130000 	C:\Windows\System32\ucrtbase.dll
0x00007ffd359d0000 - 0x00007ffd359ee000 	C:\Program Files\Microsoft\jdk-17.0.19.10-hotspot\bin\VCRUNTIME140.dll
0x00007ffd3c6a0000 - 0x00007ffd3c6b8000 	C:\Program Files\Microsoft\jdk-17.0.19.10-hotspot\bin\jli.dll
0x00007ffd449b0000 - 0x00007ffd44b4d000 	C:\Windows\System32\USER32.dll
0x00007ffd42a00000 - 0x00007ffd42a22000 	C:\Windows\System32\win32u.dll
0x00007ffd30a50000 - 0x00007ffd30cea000 	C:\Windows\WinSxS\amd64_microsoft.windows.common-controls_6595b64144ccf1df_6.0.19041.4355_none_60b8b9eb71f62e16\COMCTL32.dll
0x00007ffd451c0000 - 0x00007ffd451eb000 	C:\Windows\System32\GDI32.dll
0x00007ffd44910000 - 0x00007ffd449ae000 	C:\Windows\System32\msvcrt.dll
0x00007ffd43130000 - 0x00007ffd43247000 	C:\Windows\System32\gdi32full.dll
0x00007ffd42dc0000 - 0x00007ffd42e5d000 	C:\Windows\System32\msvcp_win.dll
0x00007ffd444a0000 - 0x00007ffd444cf000 	C:\Windows\System32\IMM32.DLL
0x00007ffd3f0f0000 - 0x00007ffd3f0fc000 	C:\Program Files\Microsoft\jdk-17.0.19.10-hotspot\bin\vcruntime140_1.dll
0x00007ffd0b620000 - 0x00007ffd0b6a9000 	C:\Program Files\Microsoft\jdk-17.0.19.10-hotspot\bin\msvcp140.dll
0x00007ffcd6070000 - 0x00007ffcd6ceb000 	C:\Program Files\Microsoft\jdk-17.0.19.10-hotspot\bin\server\jvm.dll
0x00007ffd44850000 - 0x00007ffd44901000 	C:\Windows\System32\ADVAPI32.dll
0x00007ffd432d0000 - 0x00007ffd4336f000 	C:\Windows\System32\sechost.dll
0x00007ffd44c70000 - 0x00007ffd44d93000 	C:\Windows\System32\RPCRT4.dll
0x00007ffd42920000 - 0x00007ffd42947000 	C:\Windows\System32\bcrypt.dll
0x00007ffd44fb0000 - 0x00007ffd4501b000 	C:\Windows\System32\WS2_32.dll
0x00007ffd41dd0000 - 0x00007ffd41e1b000 	C:\Windows\SYSTEM32\POWRPROF.dll
0x00007ffd3b0b0000 - 0x00007ffd3b0ba000 	C:\Windows\SYSTEM32\VERSION.dll
0x00007ffd37350000 - 0x00007ffd37377000 	C:\Windows\SYSTEM32\WINMM.dll
0x00007ffd41c90000 - 0x00007ffd41ca2000 	C:\Windows\SYSTEM32\UMPDC.dll
0x00007ffd41100000 - 0x00007ffd41112000 	C:\Windows\SYSTEM32\kernel.appcore.dll
0x00007ffd3d2a0000 - 0x00007ffd3d2aa000 	C:\Program Files\Microsoft\jdk-17.0.19.10-hotspot\bin\jimage.dll
0x00007ffd40c30000 - 0x00007ffd40e14000 	C:\Windows\SYSTEM32\DBGHELP.DLL
0x00007ffd22f60000 - 0x00007ffd22f94000 	C:\Windows\SYSTEM32\dbgcore.DLL
0x00007ffd42d30000 - 0x00007ffd42db2000 	C:\Windows\System32\bcryptPrimitives.dll
0x00007ffd293b0000 - 0x00007ffd293bf000 	C:\Program Files\Microsoft\jdk-17.0.19.10-hotspot\bin\instrument.dll
0x00007ffd230b0000 - 0x00007ffd230d6000 	C:\Program Files\Microsoft\jdk-17.0.19.10-hotspot\bin\java.dll
0x00007ffd0b540000 - 0x00007ffd0b616000 	C:\Program Files\Microsoft\jdk-17.0.19.10-hotspot\bin\jsvml.dll
0x00007ffd434f0000 - 0x00007ffd43c5d000 	C:\Windows\System32\SHELL32.dll
0x00007ffd3fb00000 - 0x00007ffd402a4000 	C:\Windows\SYSTEM32\windows.storage.dll
0x00007ffd43cc0000 - 0x00007ffd44013000 	C:\Windows\System32\combase.dll
0x00007ffd422c0000 - 0x00007ffd422ee000 	C:\Windows\SYSTEM32\Wldp.dll
0x00007ffd445a0000 - 0x00007ffd4466d000 	C:\Windows\System32\OLEAUT32.dll
0x00007ffd43440000 - 0x00007ffd434ed000 	C:\Windows\System32\SHCORE.dll
0x00007ffd433e0000 - 0x00007ffd43435000 	C:\Windows\System32\shlwapi.dll
0x00007ffd427c0000 - 0x00007ffd427e4000 	C:\Windows\SYSTEM32\profapi.dll
0x00007ffd2e0f0000 - 0x00007ffd2e108000 	C:\Program Files\Microsoft\jdk-17.0.19.10-hotspot\bin\zip.dll
0x00007ffd34ee0000 - 0x00007ffd34efb000 	C:\Program Files\Microsoft\jdk-17.0.19.10-hotspot\bin\net.dll
0x00007ffd3b6b0000 - 0x00007ffd3b7bd000 	C:\Windows\SYSTEM32\WINHTTP.dll
0x00007ffd42020000 - 0x00007ffd4208a000 	C:\Windows\system32\mswsock.dll
0x00007ffd313b0000 - 0x00007ffd313c6000 	C:\Program Files\Microsoft\jdk-17.0.19.10-hotspot\bin\nio.dll
0x00007ffd2c020000 - 0x00007ffd2c030000 	C:\Program Files\Microsoft\jdk-17.0.19.10-hotspot\bin\verify.dll
0x00007ffd28f10000 - 0x00007ffd28f37000 	D:\android_m2_gradle\.gradle\native\c067742578af261105cb4f569cf0c3c89f3d7b1fecec35dd04571415982c5e48\windows-amd64\native-platform.dll
0x00007ffd15200000 - 0x00007ffd15344000 	D:\android_m2_gradle\.gradle\native\100fb08df4bc3b14c8652ba06237920a3bd2aa13389f12d3474272988ae205f9\windows-amd64\native-platform-file-events.dll
0x00007ffd29d80000 - 0x00007ffd29d8a000 	C:\Program Files\Microsoft\jdk-17.0.19.10-hotspot\bin\management.dll
0x00007ffd29440000 - 0x00007ffd2944c000 	C:\Program Files\Microsoft\jdk-17.0.19.10-hotspot\bin\management_ext.dll
0x00007ffd44020000 - 0x00007ffd44028000 	C:\Windows\System32\PSAPI.DLL
0x00007ffd42210000 - 0x00007ffd42228000 	C:\Windows\SYSTEM32\CRYPTSP.dll
0x00007ffd418d0000 - 0x00007ffd41904000 	C:\Windows\system32\rsaenh.dll
0x00007ffd42740000 - 0x00007ffd4276e000 	C:\Windows\SYSTEM32\USERENV.dll
0x00007ffd42230000 - 0x00007ffd4223c000 	C:\Windows\SYSTEM32\CRYPTBASE.dll
0x00007ffd41cb0000 - 0x00007ffd41ceb000 	C:\Windows\SYSTEM32\IPHLPAPI.DLL
0x00007ffd43370000 - 0x00007ffd43378000 	C:\Windows\System32\NSI.dll
0x00007ffd3c7f0000 - 0x00007ffd3c807000 	C:\Windows\SYSTEM32\dhcpcsvc6.DLL
0x00007ffd3c7d0000 - 0x00007ffd3c7ed000 	C:\Windows\SYSTEM32\dhcpcsvc.DLL
0x00007ffd41d00000 - 0x00007ffd41dca000 	C:\Windows\SYSTEM32\DNSAPI.dll
0x00007ffd37860000 - 0x00007ffd37869000 	C:\Program Files\Microsoft\jdk-17.0.19.10-hotspot\bin\extnet.dll
0x00007ffd37940000 - 0x00007ffd3794e000 	C:\Program Files\Microsoft\jdk-17.0.19.10-hotspot\bin\sunmscapi.dll
0x00007ffd42ed0000 - 0x00007ffd4302c000 	C:\Windows\System32\CRYPT32.dll
0x00007ffd42330000 - 0x00007ffd42357000 	C:\Windows\SYSTEM32\ncrypt.dll
0x00007ffd422f0000 - 0x00007ffd4232b000 	C:\Windows\SYSTEM32\NTASN1.dll
0x00007ffd1eb70000 - 0x00007ffd1eb77000 	C:\Windows\system32\wshunix.dll

dbghelp: loaded successfully - version: 4.0.5 - missing functions: none
symbol engine: initialized successfully - sym options: 0x614 - pdb path: .;C:\Program Files\Microsoft\jdk-17.0.19.10-hotspot\bin;C:\Windows\SYSTEM32;C:\Windows\WinSxS\amd64_microsoft.windows.common-controls_6595b64144ccf1df_6.0.19041.4355_none_60b8b9eb71f62e16;C:\Program Files\Microsoft\jdk-17.0.19.10-hotspot\bin\server;D:\android_m2_gradle\.gradle\native\c067742578af261105cb4f569cf0c3c89f3d7b1fecec35dd04571415982c5e48\windows-amd64;D:\android_m2_gradle\.gradle\native\100fb08df4bc3b14c8652ba06237920a3bd2aa13389f12d3474272988ae205f9\windows-amd64

VM Arguments:
jvm_args: -XX:+HeapDumpOnOutOfMemoryError --add-opens=java.base/java.util=ALL-UNNAMED --add-opens=java.base/java.lang=ALL-UNNAMED --add-opens=java.base/java.lang.invoke=ALL-UNNAMED --add-opens=java.prefs/java.util.prefs=ALL-UNNAMED --add-exports=jdk.compiler/com.sun.tools.javac.api=ALL-UNNAMED --add-exports=jdk.compiler/com.sun.tools.javac.util=ALL-UNNAMED --add-opens=java.base/java.nio.charset=ALL-UNNAMED --add-opens=java.base/java.net=ALL-UNNAMED --add-opens=java.base/java.util.concurrent.atomic=ALL-UNNAMED -Xmx4g -Dfile.encoding=GBK -Duser.country=CN -Duser.language=zh -Duser.variant -javaagent:D:\android_m2_gradle\.gradle\wrapper\dists\gradle-8.10.2-bin\a04bxjujx95o3nb99gddekhwo\gradle-8.10.2\lib\agents\gradle-instrumentation-agent-8.10.2.jar 
java_command: org.gradle.launcher.daemon.bootstrap.GradleDaemon 8.10.2
java_class_path (initial): D:\android_m2_gradle\.gradle\wrapper\dists\gradle-8.10.2-bin\a04bxjujx95o3nb99gddekhwo\gradle-8.10.2\lib\gradle-daemon-main-8.10.2.jar
Launcher Type: SUN_STANDARD

[Global flags]
     intx CICompilerCount                          = 4                                         {product} {ergonomic}
     uint ConcGCThreads                            = 3                                         {product} {ergonomic}
     uint G1ConcRefinementThreads                  = 10                                        {product} {ergonomic}
   size_t G1HeapRegionSize                         = 2097152                                   {product} {ergonomic}
    uintx GCDrainStackTargetSize                   = 64                                        {product} {ergonomic}
     bool HeapDumpOnOutOfMemoryError               = true                                   {manageable} {command line}
   size_t InitialHeapSize                          = 534773760                                 {product} {ergonomic}
   size_t MarkStackSize                            = 4194304                                   {product} {ergonomic}
   size_t MaxHeapSize                              = 4294967296                                {product} {command line}
   size_t MaxNewSize                               = 2575302656                                {product} {ergonomic}
   size_t MinHeapDeltaBytes                        = 2097152                                   {product} {ergonomic}
   size_t MinHeapSize                              = 8388608                                   {product} {ergonomic}
    uintx NonNMethodCodeHeapSize                   = 5839372                                {pd product} {ergonomic}
    uintx NonProfiledCodeHeapSize                  = 122909434                              {pd product} {ergonomic}
    uintx ProfiledCodeHeapSize                     = 122909434                              {pd product} {ergonomic}
    uintx ReservedCodeCacheSize                    = 251658240                              {pd product} {ergonomic}
     bool SegmentedCodeCache                       = true                                      {product} {ergonomic}
   size_t SoftMaxHeapSize                          = 4294967296                             {manageable} {ergonomic}
     bool UseCompressedClassPointers               = true                           {product lp64_product} {ergonomic}
     bool UseCompressedOops                        = true                           {product lp64_product} {ergonomic}
     bool UseG1GC                                  = true                                      {product} {ergonomic}
     bool UseLargePagesIndividualAllocation        = false                                  {pd product} {ergonomic}

Logging:
Log output configuration:
 #0: stdout all=warning uptime,level,tags
 #1: stderr all=off uptime,level,tags

Environment Variables:
JAVA_HOME=C:\Program Files\Microsoft\jdk-17.0.19.10-hotspot\
PATH=C:\Program Files (x86)\Microsoft\Edge\Application;C:\Program Files\Microsoft\jdk-17.0.19.10-hotspot\bin;D:\apache-maven-4.0.0-alpha-7\bin;C:\Program Files (x86)\Common Files\Oracle\Java\javapath;C:\Windows\system32;C:\Windows;C:\Windows\System32\Wbem;C:\Windows\System32\WindowsPowerShell\v1.0\;C:\Windows\System32\OpenSSH\;C:\Program Files\dotnet\;C:\Users\Administrator\AppData\Roaming\nvm;C:\Program Files\nodejs;C:\Program Files\WireGuard\;C:\Program Files\PuTTY\;C:\Program Files\Cloudflare\Cloudflare WARP\;d:\cursor\resources\app\bin;d:\Git\cmd;L:\phpstudy_pro\Extensions\php\php8.2.9nts;C:\ProgramData\ComposerSetup\bin;D:\nodejs\;C:\ProgramData\chocolatey\bin;C:\Users\Administrator\AppData\Local\AtomCode;C:\Users\Administrator\.local\bin;C:\Users\Administrator\.local\bin;$env:PATH;C:\Users\Administrator\AppData\Roaming\npm;C:\Users\Administrator\AppData\Local\Python\bin;d:\CodeBuddy CN\bin;c:\users\administrator\appdata\roaming\python\python314\scripts;d:\vscode\bin;C:\Users\Administrator\.dotnet\tools
USERNAME=Administrator
TERM=xterm-256color
OS=Windows_NT
PROCESSOR_IDENTIFIER=Intel64 Family 6 Model 151 Stepping 5, GenuineIntel
TMP=C:\Users\Administrator\AppData\Local\Temp
TEMP=C:\Users\Administrator\AppData\Local\Temp



Periodic native trim disabled


---------------  S Y S T E M  ---------------

OS:
 Windows 10 , 64 bit Build 19041 (10.0.19041.5198)
OS uptime: 0 days 1:57 hours

CPU: total 12 (initial active 12) (6 cores per cpu, 2 threads per core) family 6 model 151 stepping 5 microcode 0x2e, cx8, cmov, fxsr, ht, mmx, 3dnowpref, sse, sse2, sse3, ssse3, sse4.1, sse4.2, popcnt, lzcnt, tsc, tscinvbit, avx, avx2, aes, erms, clmul, bmi1, bmi2, adx, sha, fma, vzeroupper, clflush, clflushopt, clwb
Processor Information for the first 12 processors :
  Max Mhz: 2500, Current Mhz: 2500, Mhz Limit: 2500

Memory: 4k page, system-wide physical 32616M (7896M free)
TotalPageFile size 32616M (AvailPageFile size 149M)
current process WorkingSet (physical memory assigned to process): 324M, peak: 324M
current process commit charge ("private bytes"): 366M, peak: 721M

vm_info: OpenJDK 64-Bit Server VM (17.0.19+10-LTS) for windows-amd64 JRE (17.0.19+10-LTS), built on Apr 18 2026 18:24:40 by "MicrosoftCorporation" with MS VC++ 17.14 (VS2022)

END.
